CRITICAL - 2025-09-17 02:38:43 --> TypeError: view(): Argument #2 ($data) must be of type array, string given, called in C:\Users\rahul\OneDrive\Desktop\codeigniter\app\Controllers\PageController.php on line 14
[Method: GET, Route: page/1]
in SYSTEMPATH\Common.php on line 1155.
 1 APPPATH\Controllers\PageController.php(14): view('first_message', '1')
 2 SYSTEMPATH\CodeIgniter.php(933): App\Controllers\PageController->index('1')
 3 SYSTEMPATH\CodeIgniter.php(507): CodeIgniter\CodeIgniter->runController(Object(App\Controllers\PageController))
 4 SYSTEMPATH\CodeIgniter.php(354): CodeIgniter\CodeIgniter->handleRequest(null, Object(Config\Cache), false)
 5 SYSTEMPATH\Boot.php(363): CodeIgniter\CodeIgniter->run()
 6 SYSTEMPATH\Boot.php(68): CodeIgniter\Boot::runCodeIgniter(Object(CodeIgniter\CodeIgniter))
 7 FCPATH\index.php(59): CodeIgniter\Boot::bootWeb(Object(Config\Paths))
 8 SYSTEMPATH\rewrite.php(44): require_once('C:\\Users\\rahul\\OneDrive\\Desktop\\codeigniter\\public\\index.php')
CRITICAL - 2025-09-17 02:38:44 --> TypeError: view(): Argument #2 ($data) must be of type array, string given, called in C:\Users\rahul\OneDrive\Desktop\codeigniter\app\Controllers\PageController.php on line 14
[Method: GET, Route: page/1]
in SYSTEMPATH\Common.php on line 1155.
 1 APPPATH\Controllers\PageController.php(14): view('first_message', '1')
 2 SYSTEMPATH\CodeIgniter.php(933): App\Controllers\PageController->index('1')
 3 SYSTEMPATH\CodeIgniter.php(507): CodeIgniter\CodeIgniter->runController(Object(App\Controllers\PageController))
 4 SYSTEMPATH\CodeIgniter.php(354): CodeIgniter\CodeIgniter->handleRequest(null, Object(Config\Cache), false)
 5 SYSTEMPATH\Boot.php(363): CodeIgniter\CodeIgniter->run()
 6 SYSTEMPATH\Boot.php(68): CodeIgniter\Boot::runCodeIgniter(Object(CodeIgniter\CodeIgniter))
 7 FCPATH\index.php(59): CodeIgniter\Boot::bootWeb(Object(Config\Paths))
 8 SYSTEMPATH\rewrite.php(44): require_once('C:\\Users\\rahul\\OneDrive\\Desktop\\codeigniter\\public\\index.php')
CRITICAL - 2025-09-17 02:39:34 --> TypeError: view(): Argument #2 ($data) must be of type array, string given, called in C:\Users\rahul\OneDrive\Desktop\codeigniter\app\Controllers\PageController.php on line 14
[Method: GET, Route: page/1]
in SYSTEMPATH\Common.php on line 1155.
 1 APPPATH\Controllers\PageController.php(14): view('first_message', '1')
 2 SYSTEMPATH\CodeIgniter.php(933): App\Controllers\PageController->index('1')
 3 SYSTEMPATH\CodeIgniter.php(507): CodeIgniter\CodeIgniter->runController(Object(App\Controllers\PageController))
 4 SYSTEMPATH\CodeIgniter.php(354): CodeIgniter\CodeIgniter->handleRequest(null, Object(Config\Cache), false)
 5 SYSTEMPATH\Boot.php(363): CodeIgniter\CodeIgniter->run()
 6 SYSTEMPATH\Boot.php(68): CodeIgniter\Boot::runCodeIgniter(Object(CodeIgniter\CodeIgniter))
 7 FCPATH\index.php(59): CodeIgniter\Boot::bootWeb(Object(Config\Paths))
 8 SYSTEMPATH\rewrite.php(44): require_once('C:\\Users\\rahul\\OneDrive\\Desktop\\codeigniter\\public\\index.php')
CRITICAL - 2025-09-17 02:40:16 --> TypeError: view(): Argument #2 ($data) must be of type array, string given, called in C:\Users\rahul\OneDrive\Desktop\codeigniter\app\Controllers\PageController.php on line 14
[Method: GET, Route: page/1]
in SYSTEMPATH\Common.php on line 1155.
 1 APPPATH\Controllers\PageController.php(14): view('first_message', '1')
 2 SYSTEMPATH\CodeIgniter.php(933): App\Controllers\PageController->index('1')
 3 SYSTEMPATH\CodeIgniter.php(507): CodeIgniter\CodeIgniter->runController(Object(App\Controllers\PageController))
 4 SYSTEMPATH\CodeIgniter.php(354): CodeIgniter\CodeIgniter->handleRequest(null, Object(Config\Cache), false)
 5 SYSTEMPATH\Boot.php(363): CodeIgniter\CodeIgniter->run()
 6 SYSTEMPATH\Boot.php(68): CodeIgniter\Boot::runCodeIgniter(Object(CodeIgniter\CodeIgniter))
 7 FCPATH\index.php(59): CodeIgniter\Boot::bootWeb(Object(Config\Paths))
 8 SYSTEMPATH\rewrite.php(44): require_once('C:\\Users\\rahul\\OneDrive\\Desktop\\codeigniter\\public\\index.php')
CRITICAL - 2025-09-17 02:40:17 --> TypeError: view(): Argument #2 ($data) must be of type array, string given, called in C:\Users\rahul\OneDrive\Desktop\codeigniter\app\Controllers\PageController.php on line 14
[Method: GET, Route: page/1]
in SYSTEMPATH\Common.php on line 1155.
 1 APPPATH\Controllers\PageController.php(14): view('first_message', '1')
 2 SYSTEMPATH\CodeIgniter.php(933): App\Controllers\PageController->index('1')
 3 SYSTEMPATH\CodeIgniter.php(507): CodeIgniter\CodeIgniter->runController(Object(App\Controllers\PageController))
 4 SYSTEMPATH\CodeIgniter.php(354): CodeIgniter\CodeIgniter->handleRequest(null, Object(Config\Cache), false)
 5 SYSTEMPATH\Boot.php(363): CodeIgniter\CodeIgniter->run()
 6 SYSTEMPATH\Boot.php(68): CodeIgniter\Boot::runCodeIgniter(Object(CodeIgniter\CodeIgniter))
 7 FCPATH\index.php(59): CodeIgniter\Boot::bootWeb(Object(Config\Paths))
 8 SYSTEMPATH\rewrite.php(44): require_once('C:\\Users\\rahul\\OneDrive\\Desktop\\codeigniter\\public\\index.php')
CRITICAL - 2025-09-17 02:40:17 --> TypeError: view(): Argument #2 ($data) must be of type array, string given, called in C:\Users\rahul\OneDrive\Desktop\codeigniter\app\Controllers\PageController.php on line 14
[Method: GET, Route: page/1]
in SYSTEMPATH\Common.php on line 1155.
 1 APPPATH\Controllers\PageController.php(14): view('first_message', '1')
 2 SYSTEMPATH\CodeIgniter.php(933): App\Controllers\PageController->index('1')
 3 SYSTEMPATH\CodeIgniter.php(507): CodeIgniter\CodeIgniter->runController(Object(App\Controllers\PageController))
 4 SYSTEMPATH\CodeIgniter.php(354): CodeIgniter\CodeIgniter->handleRequest(null, Object(Config\Cache), false)
 5 SYSTEMPATH\Boot.php(363): CodeIgniter\CodeIgniter->run()
 6 SYSTEMPATH\Boot.php(68): CodeIgniter\Boot::runCodeIgniter(Object(CodeIgniter\CodeIgniter))
 7 FCPATH\index.php(59): CodeIgniter\Boot::bootWeb(Object(Config\Paths))
 8 SYSTEMPATH\rewrite.php(44): require_once('C:\\Users\\rahul\\OneDrive\\Desktop\\codeigniter\\public\\index.php')
CRITICAL - 2025-09-17 02:40:18 --> TypeError: view(): Argument #2 ($data) must be of type array, string given, called in C:\Users\rahul\OneDrive\Desktop\codeigniter\app\Controllers\PageController.php on line 14
[Method: GET, Route: page/1]
in SYSTEMPATH\Common.php on line 1155.
 1 APPPATH\Controllers\PageController.php(14): view('first_message', '1')
 2 SYSTEMPATH\CodeIgniter.php(933): App\Controllers\PageController->index('1')
 3 SYSTEMPATH\CodeIgniter.php(507): CodeIgniter\CodeIgniter->runController(Object(App\Controllers\PageController))
 4 SYSTEMPATH\CodeIgniter.php(354): CodeIgniter\CodeIgniter->handleRequest(null, Object(Config\Cache), false)
 5 SYSTEMPATH\Boot.php(363): CodeIgniter\CodeIgniter->run()
 6 SYSTEMPATH\Boot.php(68): CodeIgniter\Boot::runCodeIgniter(Object(CodeIgniter\CodeIgniter))
 7 FCPATH\index.php(59): CodeIgniter\Boot::bootWeb(Object(Config\Paths))
 8 SYSTEMPATH\rewrite.php(44): require_once('C:\\Users\\rahul\\OneDrive\\Desktop\\codeigniter\\public\\index.php')
CRITICAL - 2025-09-17 02:41:16 --> TypeError: view(): Argument #2 ($data) must be of type array, string given, called in C:\Users\rahul\OneDrive\Desktop\codeigniter\app\Controllers\PageController.php on line 14
[Method: GET, Route: page/1]
in SYSTEMPATH\Common.php on line 1155.
 1 APPPATH\Controllers\PageController.php(14): view('first_message', '1')
 2 SYSTEMPATH\CodeIgniter.php(933): App\Controllers\PageController->index('1')
 3 SYSTEMPATH\CodeIgniter.php(507): CodeIgniter\CodeIgniter->runController(Object(App\Controllers\PageController))
 4 SYSTEMPATH\CodeIgniter.php(354): CodeIgniter\CodeIgniter->handleRequest(null, Object(Config\Cache), false)
 5 SYSTEMPATH\Boot.php(363): CodeIgniter\CodeIgniter->run()
 6 SYSTEMPATH\Boot.php(68): CodeIgniter\Boot::runCodeIgniter(Object(CodeIgniter\CodeIgniter))
 7 FCPATH\index.php(59): CodeIgniter\Boot::bootWeb(Object(Config\Paths))
 8 SYSTEMPATH\rewrite.php(44): require_once('C:\\Users\\rahul\\OneDrive\\Desktop\\codeigniter\\public\\index.php')
CRITICAL - 2025-09-17 02:41:17 --> TypeError: view(): Argument #2 ($data) must be of type array, string given, called in C:\Users\rahul\OneDrive\Desktop\codeigniter\app\Controllers\PageController.php on line 14
[Method: GET, Route: page/1]
in SYSTEMPATH\Common.php on line 1155.
 1 APPPATH\Controllers\PageController.php(14): view('first_message', '1')
 2 SYSTEMPATH\CodeIgniter.php(933): App\Controllers\PageController->index('1')
 3 SYSTEMPATH\CodeIgniter.php(507): CodeIgniter\CodeIgniter->runController(Object(App\Controllers\PageController))
 4 SYSTEMPATH\CodeIgniter.php(354): CodeIgniter\CodeIgniter->handleRequest(null, Object(Config\Cache), false)
 5 SYSTEMPATH\Boot.php(363): CodeIgniter\CodeIgniter->run()
 6 SYSTEMPATH\Boot.php(68): CodeIgniter\Boot::runCodeIgniter(Object(CodeIgniter\CodeIgniter))
 7 FCPATH\index.php(59): CodeIgniter\Boot::bootWeb(Object(Config\Paths))
 8 SYSTEMPATH\rewrite.php(44): require_once('C:\\Users\\rahul\\OneDrive\\Desktop\\codeigniter\\public\\index.php')
CRITICAL - 2025-09-17 02:41:21 --> TypeError: view(): Argument #2 ($data) must be of type array, string given, called in C:\Users\rahul\OneDrive\Desktop\codeigniter\app\Controllers\PageController.php on line 14
[Method: GET, Route: page/1]
in SYSTEMPATH\Common.php on line 1155.
 1 APPPATH\Controllers\PageController.php(14): view('first_message', '1')
 2 SYSTEMPATH\CodeIgniter.php(933): App\Controllers\PageController->index('1')
 3 SYSTEMPATH\CodeIgniter.php(507): CodeIgniter\CodeIgniter->runController(Object(App\Controllers\PageController))
 4 SYSTEMPATH\CodeIgniter.php(354): CodeIgniter\CodeIgniter->handleRequest(null, Object(Config\Cache), false)
 5 SYSTEMPATH\Boot.php(363): CodeIgniter\CodeIgniter->run()
 6 SYSTEMPATH\Boot.php(68): CodeIgniter\Boot::runCodeIgniter(Object(CodeIgniter\CodeIgniter))
 7 FCPATH\index.php(59): CodeIgniter\Boot::bootWeb(Object(Config\Paths))
 8 SYSTEMPATH\rewrite.php(44): require_once('C:\\Users\\rahul\\OneDrive\\Desktop\\codeigniter\\public\\index.php')
CRITICAL - 2025-09-17 02:55:16 --> Error: Undefined constant "App\Controllers\id"
[Method: GET, Route: page]
in APPPATH\Controllers\PageController.php on line 12.
 1 SYSTEMPATH\CodeIgniter.php(933): App\Controllers\PageController->index()
 2 SYSTEMPATH\CodeIgniter.php(507): CodeIgniter\CodeIgniter->runController(Object(App\Controllers\PageController))
 3 SYSTEMPATH\CodeIgniter.php(354): CodeIgniter\CodeIgniter->handleRequest(null, Object(Config\Cache), false)
 4 SYSTEMPATH\Boot.php(363): CodeIgniter\CodeIgniter->run()
 5 SYSTEMPATH\Boot.php(68): CodeIgniter\Boot::runCodeIgniter(Object(CodeIgniter\CodeIgniter))
 6 FCPATH\index.php(59): CodeIgniter\Boot::bootWeb(Object(Config\Paths))
 7 SYSTEMPATH\rewrite.php(44): require_once('C:\\Users\\rahul\\OneDrive\\Desktop\\codeigniter\\public\\index.php')
CRITICAL - 2025-09-17 02:55:17 --> Error: Undefined constant "App\Controllers\id"
[Method: GET, Route: page]
in APPPATH\Controllers\PageController.php on line 12.
 1 SYSTEMPATH\CodeIgniter.php(933): App\Controllers\PageController->index()
 2 SYSTEMPATH\CodeIgniter.php(507): CodeIgniter\CodeIgniter->runController(Object(App\Controllers\PageController))
 3 SYSTEMPATH\CodeIgniter.php(354): CodeIgniter\CodeIgniter->handleRequest(null, Object(Config\Cache), false)
 4 SYSTEMPATH\Boot.php(363): CodeIgniter\CodeIgniter->run()
 5 SYSTEMPATH\Boot.php(68): CodeIgniter\Boot::runCodeIgniter(Object(CodeIgniter\CodeIgniter))
 6 FCPATH\index.php(59): CodeIgniter\Boot::bootWeb(Object(Config\Paths))
 7 SYSTEMPATH\rewrite.php(44): require_once('C:\\Users\\rahul\\OneDrive\\Desktop\\codeigniter\\public\\index.php')
CRITICAL - 2025-09-17 02:55:29 --> Error: Undefined constant "App\Controllers\id"
[Method: GET, Route: page]
in APPPATH\Controllers\PageController.php on line 12.
 1 SYSTEMPATH\CodeIgniter.php(933): App\Controllers\PageController->index()
 2 SYSTEMPATH\CodeIgniter.php(507): CodeIgniter\CodeIgniter->runController(Object(App\Controllers\PageController))
 3 SYSTEMPATH\CodeIgniter.php(354): CodeIgniter\CodeIgniter->handleRequest(null, Object(Config\Cache), false)
 4 SYSTEMPATH\Boot.php(363): CodeIgniter\CodeIgniter->run()
 5 SYSTEMPATH\Boot.php(68): CodeIgniter\Boot::runCodeIgniter(Object(CodeIgniter\CodeIgniter))
 6 FCPATH\index.php(59): CodeIgniter\Boot::bootWeb(Object(Config\Paths))
 7 SYSTEMPATH\rewrite.php(44): require_once('C:\\Users\\rahul\\OneDrive\\Desktop\\codeigniter\\public\\index.php')
CRITICAL - 2025-09-17 02:55:30 --> Error: Undefined constant "App\Controllers\id"
[Method: GET, Route: page]
in APPPATH\Controllers\PageController.php on line 12.
 1 SYSTEMPATH\CodeIgniter.php(933): App\Controllers\PageController->index()
 2 SYSTEMPATH\CodeIgniter.php(507): CodeIgniter\CodeIgniter->runController(Object(App\Controllers\PageController))
 3 SYSTEMPATH\CodeIgniter.php(354): CodeIgniter\CodeIgniter->handleRequest(null, Object(Config\Cache), false)
 4 SYSTEMPATH\Boot.php(363): CodeIgniter\CodeIgniter->run()
 5 SYSTEMPATH\Boot.php(68): CodeIgniter\Boot::runCodeIgniter(Object(CodeIgniter\CodeIgniter))
 6 FCPATH\index.php(59): CodeIgniter\Boot::bootWeb(Object(Config\Paths))
 7 SYSTEMPATH\rewrite.php(44): require_once('C:\\Users\\rahul\\OneDrive\\Desktop\\codeigniter\\public\\index.php')
CRITICAL - 2025-09-17 02:55:31 --> Error: Undefined constant "App\Controllers\id"
[Method: GET, Route: page]
in APPPATH\Controllers\PageController.php on line 12.
 1 SYSTEMPATH\CodeIgniter.php(933): App\Controllers\PageController->index()
 2 SYSTEMPATH\CodeIgniter.php(507): CodeIgniter\CodeIgniter->runController(Object(App\Controllers\PageController))
 3 SYSTEMPATH\CodeIgniter.php(354): CodeIgniter\CodeIgniter->handleRequest(null, Object(Config\Cache), false)
 4 SYSTEMPATH\Boot.php(363): CodeIgniter\CodeIgniter->run()
 5 SYSTEMPATH\Boot.php(68): CodeIgniter\Boot::runCodeIgniter(Object(CodeIgniter\CodeIgniter))
 6 FCPATH\index.php(59): CodeIgniter\Boot::bootWeb(Object(Config\Paths))
 7 SYSTEMPATH\rewrite.php(44): require_once('C:\\Users\\rahul\\OneDrive\\Desktop\\codeigniter\\public\\index.php')
CRITICAL - 2025-09-17 02:55:31 --> Error: Undefined constant "App\Controllers\id"
[Method: GET, Route: page]
in APPPATH\Controllers\PageController.php on line 12.
 1 SYSTEMPATH\CodeIgniter.php(933): App\Controllers\PageController->index()
 2 SYSTEMPATH\CodeIgniter.php(507): CodeIgniter\CodeIgniter->runController(Object(App\Controllers\PageController))
 3 SYSTEMPATH\CodeIgniter.php(354): CodeIgniter\CodeIgniter->handleRequest(null, Object(Config\Cache), false)
 4 SYSTEMPATH\Boot.php(363): CodeIgniter\CodeIgniter->run()
 5 SYSTEMPATH\Boot.php(68): CodeIgniter\Boot::runCodeIgniter(Object(CodeIgniter\CodeIgniter))
 6 FCPATH\index.php(59): CodeIgniter\Boot::bootWeb(Object(Config\Paths))
 7 SYSTEMPATH\rewrite.php(44): require_once('C:\\Users\\rahul\\OneDrive\\Desktop\\codeigniter\\public\\index.php')
CRITICAL - 2025-09-17 02:55:31 --> Error: Undefined constant "App\Controllers\id"
[Method: GET, Route: page]
in APPPATH\Controllers\PageController.php on line 12.
 1 SYSTEMPATH\CodeIgniter.php(933): App\Controllers\PageController->index()
 2 SYSTEMPATH\CodeIgniter.php(507): CodeIgniter\CodeIgniter->runController(Object(App\Controllers\PageController))
 3 SYSTEMPATH\CodeIgniter.php(354): CodeIgniter\CodeIgniter->handleRequest(null, Object(Config\Cache), false)
 4 SYSTEMPATH\Boot.php(363): CodeIgniter\CodeIgniter->run()
 5 SYSTEMPATH\Boot.php(68): CodeIgniter\Boot::runCodeIgniter(Object(CodeIgniter\CodeIgniter))
 6 FCPATH\index.php(59): CodeIgniter\Boot::bootWeb(Object(Config\Paths))
 7 SYSTEMPATH\rewrite.php(44): require_once('C:\\Users\\rahul\\OneDrive\\Desktop\\codeigniter\\public\\index.php')
ERROR - 2025-09-17 06:25:05 --> mysqli_sql_exception: Table 'users' already exists in C:\Users\rahul\OneDrive\Desktop\codeigniter\system\Database\MySQLi\Connection.php:327
Stack trace:
#0 C:\Users\rahul\OneDrive\Desktop\codeigniter\system\Database\MySQLi\Connection.php(327): mysqli->query('CREATE TABLE `u...', 0)
#1 C:\Users\rahul\OneDrive\Desktop\codeigniter\system\Database\BaseConnection.php(729): CodeIgniter\Database\MySQLi\Connection->execute('CREATE TABLE `u...')
#2 C:\Users\rahul\OneDrive\Desktop\codeigniter\system\Database\BaseConnection.php(646): CodeIgniter\Database\BaseConnection->simpleQuery('CREATE TABLE `u...')
#3 C:\Users\rahul\OneDrive\Desktop\codeigniter\system\Database\Forge.php(570): CodeIgniter\Database\BaseConnection->query('CREATE TABLE `u...')
#4 C:\Users\rahul\OneDrive\Desktop\codeigniter\app\Database\Migrations\2025-09-17-055254_CreateStudentTable.php(42): CodeIgniter\Database\Forge->createTable('users')
#5 C:\Users\rahul\OneDrive\Desktop\codeigniter\system\Database\MigrationRunner.php(876): App\Database\Migrations\CreateStudentTable->up()
#6 C:\Users\rahul\OneDrive\Desktop\codeigniter\system\Database\MigrationRunner.php(182): CodeIgniter\Database\MigrationRunner->migrate('up', Object(stdClass))
#7 C:\Users\rahul\OneDrive\Desktop\codeigniter\system\Commands\Database\Migrate.php(85): CodeIgniter\Database\MigrationRunner->latest(NULL)
#8 C:\Users\rahul\OneDrive\Desktop\codeigniter\system\CLI\Commands.php(74): CodeIgniter\Commands\Database\Migrate->run(Array)
#9 C:\Users\rahul\OneDrive\Desktop\codeigniter\system\CLI\Console.php(47): CodeIgniter\CLI\Commands->run('migrate', Array)
#10 C:\Users\rahul\OneDrive\Desktop\codeigniter\system\Boot.php(388): CodeIgniter\CLI\Console->run()
#11 C:\Users\rahul\OneDrive\Desktop\codeigniter\system\Boot.php(133): CodeIgniter\Boot::runCommand(Object(CodeIgniter\CLI\Console))
#12 C:\Users\rahul\OneDrive\Desktop\codeigniter\spark(87): CodeIgniter\Boot::bootSpark(Object(Config\Paths))
#13 {main}
